<?xml version="1.0" encoding="UTF-8"?>
<testsuite name="com.kyk.librarymanagement.LibraryManagementApplicationTests" tests="1" skipped="0" failures="0" errors="0" timestamp="2026-04-24T09:11:04.137Z" hostname="DESKTOP-TJERQRA" time="7.956">
  <properties/>
  <testcase name="contextLoads()" classname="com.kyk.librarymanagement.LibraryManagementApplicationTests" time="0.542"/>
  <system-out><![CDATA[17:11:04.329 [Test worker] INFO org.springframework.test.context.support.AnnotationConfigContextLoaderUtils -- Could not detect default configuration classes for test class [com.kyk.librarymanagement.LibraryManagementApplicationTests]: LibraryManagementApplicationTests does not declare any static, non-private, non-final, nested classes annotated with @Configuration.
17:11:04.482 [Test worker] INFO org.springframework.boot.test.context.SpringBootTestContextBootstrapper -- Found @SpringBootConfiguration com.kyk.librarymanagement.LibraryManagementApplication for test class com.kyk.librarymanagement.LibraryManagementApplicationTests

  .   ____          _            __ _ _
 /\\ / ___'_ __ _ _(_)_ __  __ _ \ \ \ \
( ( )\___ | '_ | '_| | '_ \/ _` | \ \ \ \
 \\/  ___)| |_)| | | | | || (_| |  ) ) ) )
  '  |____| .__|_| |_|_| |_\__, | / / / /
 =========|_|==============|___/=/_/_/_/

 :: Spring Boot ::                (v3.4.5)

2026-04-24T17:11:05.030+08:00  INFO 13756 --- [LibraryManagement] [    Test worker] c.k.l.LibraryManagementApplicationTests  : Starting LibraryManagementApplicationTests using Java 17.0.18 with PID 13756 (started by Administrator in D:\weixinHoutai\workspabsase\LibraryManagement)
2026-04-24T17:11:05.032+08:00  INFO 13756 --- [LibraryManagement] [    Test worker] c.k.l.LibraryManagementApplicationTests  : No active profile set, falling back to 1 default profile: "default"
2026-04-24T17:11:06.191+08:00  INFO 13756 --- [LibraryManagement] [    Test worker] .s.d.r.c.RepositoryConfigurationDelegate : Bootstrapping Spring Data JPA repositories in DEFAULT mode.
2026-04-24T17:11:06.283+08:00  INFO 13756 --- [LibraryManagement] [    Test worker] .s.d.r.c.RepositoryConfigurationDelegate : Finished Spring Data repository scanning in 76 ms. Found 3 JPA repository interfaces.
2026-04-24T17:11:06.977+08:00  INFO 13756 --- [LibraryManagement] [    Test worker] o.hibernate.jpa.internal.util.LogHelper  : HHH000204: Processing PersistenceUnitInfo [name: default]
2026-04-24T17:11:07.070+08:00  INFO 13756 --- [LibraryManagement] [    Test worker] org.hibernate.Version                    : HHH000412: Hibernate ORM core version 6.6.13.Final
2026-04-24T17:11:07.129+08:00  INFO 13756 --- [LibraryManagement] [    Test worker] o.h.c.internal.RegionFactoryInitiator    : HHH000026: Second-level cache disabled
2026-04-24T17:11:07.599+08:00  INFO 13756 --- [LibraryManagement] [    Test worker] o.s.o.j.p.SpringPersistenceUnitInfo      : No LoadTimeWeaver setup: ignoring JPA class transformer
2026-04-24T17:11:07.652+08:00  INFO 13756 --- [LibraryManagement] [    Test worker] com.zaxxer.hikari.HikariDataSource       : HikariPool-1 - Starting...
2026-04-24T17:11:07.898+08:00  INFO 13756 --- [LibraryManagement] [    Test worker] com.zaxxer.hikari.pool.HikariPool        : HikariPool-1 - Added connection conn0: url=jdbc:h2:mem:librarydb user=SA
2026-04-24T17:11:07.900+08:00  INFO 13756 --- [LibraryManagement] [    Test worker] com.zaxxer.hikari.HikariDataSource       : HikariPool-1 - Start completed.
2026-04-24T17:11:07.933+08:00  WARN 13756 --- [LibraryManagement] [    Test worker] org.hibernate.orm.deprecation            : HHH90000025: H2Dialect does not need to be specified explicitly using 'hibernate.dialect' (remove the property setting and it will be selected by default)
2026-04-24T17:11:07.964+08:00  INFO 13756 --- [LibraryManagement] [    Test worker] org.hibernate.orm.connections.pooling    : HHH10001005: Database info:
	Database JDBC URL [Connecting through datasource 'HikariDataSource (HikariPool-1)']
	Database driver: undefined/unknown
	Database version: 2.3.232
	Autocommit mode: undefined/unknown
	Isolation level: undefined/unknown
	Minimum pool size: undefined/unknown
	Maximum pool size: undefined/unknown
2026-04-24T17:11:09.174+08:00  INFO 13756 --- [LibraryManagement] [    Test worker] o.h.e.t.j.p.i.JtaPlatformInitiator       : HHH000489: No JTA platform available (set 'hibernate.transaction.jta.platform' to enable JTA platform integration)
Hibernate: drop table if exists books cascade 
Hibernate: drop table if exists borrow_records cascade 
Hibernate: drop table if exists users cascade 
Hibernate: create table books (is_borrowed boolean not null, created_at timestamp(6), id bigint generated by default as identity, updated_at timestamp(6), author varchar(255) not null, title varchar(255) not null, primary key (id))
Hibernate: create table borrow_records (book_id bigint not null, borrow_time timestamp(6) not null, id bigint generated by default as identity, return_time timestamp(6), user_id bigint not null, primary key (id))
Hibernate: create table users (created_at timestamp(6), id bigint generated by default as identity, phone varchar(20) not null unique, name varchar(50) not null, password varchar(255) not null, primary key (id))
Hibernate: alter table if exists borrow_records add constraint FKe5k0iaamaypstfhuluoa40yom foreign key (user_id) references users
2026-04-24T17:11:09.242+08:00  INFO 13756 --- [LibraryManagement] [    Test worker] j.LocalContainerEntityManagerFactoryBean : Initialized JPA EntityManagerFactory for persistence unit 'default'
2026-04-24T17:11:09.783+08:00  INFO 13756 --- [LibraryManagement] [    Test worker] o.s.d.j.r.query.QueryEnhancerFactory     : Hibernate is in classpath; If applicable, HQL parser will be used.
2026-04-24T17:11:10.116+08:00  WARN 13756 --- [LibraryManagement] [    Test worker] JpaBaseConfiguration$JpaWebConfiguration : spring.jpa.open-in-view is enabled by default. Therefore, database queries may be performed during view rendering. Explicitly configure spring.jpa.open-in-view to disable this warning
2026-04-24T17:11:10.158+08:00  WARN 13756 --- [LibraryManagement] [    Test worker] .s.s.UserDetailsServiceAutoConfiguration : 

Using generated security password: 6133110d-57c0-45c1-99d7-09ab631fd0b0

This generated password is for development use only. Your security configuration must be updated before running your application in production.

2026-04-24T17:11:10.205+08:00  INFO 13756 --- [LibraryManagement] [    Test worker] r$InitializeUserDetailsManagerConfigurer : Global AuthenticationManager configured with UserDetailsService bean with name inMemoryUserDetailsManager
2026-04-24T17:11:11.421+08:00  INFO 13756 --- [LibraryManagement] [    Test worker] o.s.b.a.h2.H2ConsoleAutoConfiguration    : H2 console available at '/h2-console'. Database available at 'jdbc:h2:mem:librarydb'
2026-04-24T17:11:11.524+08:00  INFO 13756 --- [LibraryManagement] [    Test worker] c.k.l.LibraryManagementApplicationTests  : Started LibraryManagementApplicationTests in 6.831 seconds (process running for 8.482)
]]></system-out>
  <system-err><![CDATA[]]></system-err>
</testsuite>
